<?xml version="1.0" encoding="UTF-8"?>
<testng-results skipped="0" failed="0" ignored="0" total="2" passed="2">
  <reporter-output>
  </reporter-output>
  <suite name="Default suite" duration-ms="42" started-at="2018-07-19T10:15:17Z" finished-at="2018-07-19T10:15:17Z">
    <groups>
    </groups>
    <test name="Default test" duration-ms="42" started-at="2018-07-19T10:15:17Z" finished-at="2018-07-19T10:15:17Z">
      <class name="mango.Nuziveed">
        <test-method status="PASS" signature="test()[pri:0, instance:mango.Nuziveed@536aaa8d]" name="test" duration-ms="11" started-at="2018-07-19T15:45:17Z" finished-at="2018-07-19T15:45:17Z">
          <reporter-output>
          </reporter-output>
        </test-method> <!-- test -->
        <test-method status="PASS" signature="test1()[pri:0, instance:mango.Nuziveed@536aaa8d]" name="test1" duration-ms="2" started-at="2018-07-19T15:45:17Z" finished-at="2018-07-19T15:45:17Z">
          <reporter-output>
          </reporter-output>
        </test-method> <!-- test1 -->
      </class> <!-- mango.Nuziveed -->
    </test> <!-- Default test -->
  </suite> <!-- Default suite -->
</testng-results>
